<?xml version="1.0" encoding="UTF-8"?>
<!-- Generated by org.testng.reporters.JUnitXMLReporter -->
<testsuite ignored="0" hostname="Balaji" failures="0" tests="3" name="Default test" time="0.069" errors="0" timestamp="2022-04-20T18:29:02 IST">
  <testcase classname="com.harman.test.LoginTest" name="validCredentialTest" time="0.012"/>
  <testcase classname="com.harman.test.LoginTest" name="validCredentialTest" time="0.005"/>
  <testcase classname="com.harman.test.LoginTest" name="validCredentialTest" time="0.003"/>
</testsuite> <!-- Default test -->
