<?xml version="1.0" encoding="UTF-8"?>
<!-- Generated by org.testng.reporters.JUnitXMLReporter -->
<testsuite ignored="1" hostname="Balaji" failures="0" tests="1" name="Default test" time="14.888" errors="0" timestamp="2022-04-20T19:32:18 IST">
  <testcase classname="com.harman.test.LoginTest" name="invalidCredentialTest" time="14.826"/>
  <testcase classname="com.harman.test.LoginTest" name="validCredentialTest" time="0.0">
    <ignored/>
  </testcase> <!-- validCredentialTest -->
</testsuite> <!-- Default test -->
