<?xml version="1.0" encoding="UTF-8"?>
<testng-results ignored="1" total="2" passed="1" failed="0" skipped="0">
  <reporter-output>
  </reporter-output>
  <suite started-at="2022-04-20T19:32:03 IST" name="Default suite" finished-at="2022-04-20T19:32:18 IST" duration-ms="14888">
    <groups>
    </groups>
    <test started-at="2022-04-20T19:32:03 IST" name="Default test" finished-at="2022-04-20T19:32:18 IST" duration-ms="14888">
      <class name="com.harman.test.LoginTest">
        <test-method signature="invalidCredentialTest()[pri:0, instance:com.harman.test.LoginTest@6e0f5f7f]" started-at="2022-04-20T19:32:03 IST" name="invalidCredentialTest" finished-at="2022-04-20T19:32:18 IST" duration-ms="14826" status="PASS">
          <reporter-output>
          </reporter-output>
        </test-method> <!-- invalidCredentialTest -->
      </class> <!-- com.harman.test.LoginTest -->
    </test> <!-- Default test -->
  </suite> <!-- Default suite -->
</testng-results>
