<?xml version="1.0" encoding="UTF-8"?>
<!-- Generated by org.testng.reporters.JUnitXMLReporter -->
<testsuite ignored="0" hostname="Balaji" failures="0" tests="4" name="OpenEMR Test - FIREFOX" time="52.975" errors="0" timestamp="2022-04-20T22:02:14 IST">
  <testcase classname="com.harman.test.LoginUITest" name="validateTitleTest" time="0.036"/>
  <testcase classname="com.harman.test.LoginTest" name="invalidCredentialTest" time="2.46"/>
  <testcase classname="com.harman.test.LoginTest" name="validCredentialTest" time="7.234"/>
  <testcase classname="com.harman.test.LoginTest" name="validCredentialTest" time="6.568"/>
</testsuite> <!-- OpenEMR Test - FIREFOX -->
