<?xml version="1.0" encoding="UTF-8"?>
<!-- Generated by org.testng.reporters.JUnitXMLReporter -->
<testsuite ignored="0" hostname="Balaji" failures="0" tests="4" name="OpenEMR Test - EDGE" time="58.815" errors="0" timestamp="2022-04-20T22:02:20 IST">
  <testcase classname="com.harman.test.LoginUITest" name="validateTitleTest" time="0.035"/>
  <testcase classname="com.harman.test.LoginTest" name="invalidCredentialTest" time="4.047"/>
  <testcase classname="com.harman.test.LoginTest" name="validCredentialTest" time="6.956"/>
  <testcase classname="com.harman.test.LoginTest" name="validCredentialTest" time="4.731"/>
</testsuite> <!-- OpenEMR Test - EDGE -->
